# JRE version: Java(TM) SE Runtime Environment (8.0_231-b11) (build 1.8.0_231-b11)
# Java VM: Java HotSpot(TM) 64-Bit Server VM (25.231-b11 mixed mode bsd-amd64 compressed oops)
Heap:
 PSYoungGen      total 315392K, used 289807K [0x0000000795580000, 0x00000007ab880000, 0x00000007c0000000)
  eden space 300544K, 91% used [0x0000000795580000,0x00000007a6209010,0x00000007a7b00000)
  from space 14848K, 99% used [0x00000007a9700000,0x00000007aa57af70,0x00000007aa580000)
  to   space 28672K, 0% used [0x00000007a7b00000,0x00000007a7b00000,0x00000007a9700000)
 ParOldGen       total 92672K, used 53533K [0x0000000740000000, 0x0000000745a80000, 0x0000000795580000)
  object space 92672K, 57% used [0x0000000740000000,0x00000007434474c0,0x0000000745a80000)
 Metaspace       used 50773K, capacity 51396K, committed 51712K, reserved 1095680K
  class space    used 6101K, capacity 6274K, committed 6400K, reserved 1048576K
GC Heap History (10 events):
Event: 11.358 GC heap before
{Heap before GC invocations=10 (full 1):
 PSYoungGen      total 193536K, used 192306K [0x0000000795580000, 0x00000007a3080000, 0x00000007c0000000)
  eden space 182272K, 100% used [0x0000000795580000,0x00000007a0780000,0x00000007a0780000)
  from space 11264K, 89% used [0x00000007a1400000,0x00000007a1dcc8d0,0x00000007a1f00000)
  to   space 12800K, 0% used [0x00000007a0780000,0x00000007a0780000,0x00000007a1400000)
 ParOldGen       total 59904K, used 10950K [0x0000000740000000, 0x0000000743a80000, 0x0000000795580000)
  object space 59904K, 18% used [0x0000000740000000,0x0000000740ab1b50,0x0000000743a80000)
 Metaspace       used 33496K, capacity 33858K, committed 34176K, reserved 1079296K
  class space    used 4119K, capacity 4213K, committed 4224K, reserved 1048576K
Event: 11.380 GC heap after
Heap after GC invocations=10 (full 1):
 PSYoungGen      total 195072K, used 12791K [0x0000000795580000, 0x00000007a6280000, 0x00000007c0000000)
  eden space 182272K, 0% used [0x0000000795580000,0x0000000795580000,0x00000007a0780000)
  from space 12800K, 99% used [0x00000007a0780000,0x00000007a13fdde8,0x00000007a1400000)
  to   space 14848K, 0% used [0x00000007a5400000,0x00000007a5400000,0x00000007a6280000)
 ParOldGen       total 59904K, used 12071K [0x0000000740000000, 0x0000000743a80000, 0x0000000795580000)
  object space 59904K, 20% used [0x0000000740000000,0x0000000740bc9f80,0x0000000743a80000)
 Metaspace       used 33496K, capacity 33858K, committed 34176K, reserved 1079296K
  class space    used 4119K, capacity 4213K, committed 4224K, reserved 1048576K
}
Event: 12.602 GC heap before
{Heap before GC invocations=11 (full 1):
 PSYoungGen      total 195072K, used 57130K [0x0000000795580000, 0x00000007a6280000, 0x00000007c0000000)
  eden space 182272K, 24% used [0x0000000795580000,0x00000007980ccca8,0x00000007a0780000)
  from space 12800K, 99% used [0x00000007a0780000,0x00000007a13fdde8,0x00000007a1400000)
  to   space 14848K, 0% used [0x00000007a5400000,0x00000007a5400000,0x00000007a6280000)
 ParOldGen       total 59904K, used 12071K [0x0000000740000000, 0x0000000743a80000, 0x0000000795580000)
  object space 59904K, 20% used [0x0000000740000000,0x0000000740bc9f80,0x0000000743a80000)
 Metaspace       used 34858K, capacity 35238K, committed 35456K, reserved 1081344K
  class space    used 4307K, capacity 4411K, committed 4480K, reserved 1048576K
Event: 12.636 GC heap after
Heap after GC invocations=11 (full 1):
 PSYoungGen      total 261120K, used 7908K [0x0000000795580000, 0x00000007a6580000, 0x00000007c0000000)
  eden space 246272K, 0% used [0x0000000795580000,0x0000000795580000,0x00000007a4600000)
  from space 14848K, 53% used [0x00000007a5400000,0x00000007a5bb9320,0x00000007a6280000)
  to   space 14336K, 0% used [0x00000007a4600000,0x00000007a4600000,0x00000007a5400000)
 ParOldGen       total 59904K, used 16771K [0x0000000740000000, 0x0000000743a80000, 0x0000000795580000)
  object space 59904K, 27% used [0x0000000740000000,0x0000000741060e08,0x0000000743a80000)
 Metaspace       used 34858K, capacity 35238K, committed 35456K, reserved 1081344K
  class space    used 4307K, capacity 4411K, committed 4480K, reserved 1048576K
}
Event: 12.636 GC heap before
{Heap before GC invocations=12 (full 2):
 PSYoungGen      total 261120K, used 7908K [0x0000000795580000, 0x00000007a6580000, 0x00000007c0000000)
  eden space 246272K, 0% used [0x0000000795580000,0x0000000795580000,0x00000007a4600000)
  from space 14848K, 53% used [0x00000007a5400000,0x00000007a5bb9320,0x00000007a6280000)
  to   space 14336K, 0% used [0x00000007a4600000,0x00000007a4600000,0x00000007a5400000)
 ParOldGen       total 59904K, used 16771K [0x0000000740000000, 0x0000000743a80000, 0x0000000795580000)
  object space 59904K, 27% used [0x0000000740000000,0x0000000741060e08,0x0000000743a80000)
 Metaspace       used 34858K, capacity 35238K, committed 35456K, reserved 1081344K
  class space    used 4307K, capacity 4411K, committed 4480K, reserved 1048576K
Event: 12.844 GC heap after
Heap after GC invocations=12 (full 2):
 PSYoungGen      total 261120K, used 0K [0x0000000795580000, 0x00000007a6580000, 0x00000007c0000000)
  eden space 246272K, 0% used [0x0000000795580000,0x0000000795580000,0x00000007a4600000)
  from space 14848K, 0% used [0x00000007a5400000,0x00000007a5400000,0x00000007a6280000)
  to   space 14336K, 0% used [0x00000007a4600000,0x00000007a4600000,0x00000007a5400000)
 ParOldGen       total 92672K, used 22118K [0x0000000740000000, 0x0000000745a80000, 0x0000000795580000)
  object space 92672K, 23% used [0x0000000740000000,0x0000000741599a90,0x0000000745a80000)
 Metaspace       used 34855K, capacity 35232K, committed 35456K, reserved 1081344K
  class space    used 4307K, capacity 4410K, committed 4480K, reserved 1048576K
}
Event: 18.111 GC heap before
{Heap before GC invocations=13 (full 2):
 PSYoungGen      total 261120K, used 246272K [0x0000000795580000, 0x00000007a6580000, 0x00000007c0000000)
  eden space 246272K, 100% used [0x0000000795580000,0x00000007a4600000,0x00000007a4600000)
  from space 14848K, 0% used [0x00000007a5400000,0x00000007a5400000,0x00000007a6280000)
  to   space 14336K, 0% used [0x00000007a4600000,0x00000007a4600000,0x00000007a5400000)
 ParOldGen       total 92672K, used 22118K [0x0000000740000000, 0x0000000745a80000, 0x0000000795580000)
  object space 92672K, 23% used [0x0000000740000000,0x0000000741599a90,0x0000000745a80000)
 Metaspace       used 41212K, capacity 41750K, committed 42240K, reserved 1085440K
  class space    used 5125K, capacity 5263K, committed 5376K, reserved 1048576K
Event: 18.144 GC heap after
Heap after GC invocations=13 (full 2):
 PSYoungGen      total 260608K, used 10833K [0x0000000795580000, 0x00000007aa580000, 0x00000007c0000000)
  eden space 246272K, 0% used [0x0000000795580000,0x0000000795580000,0x00000007a4600000)
  from space 14336K, 75% used [0x00000007a4600000,0x00000007a50945d0,0x00000007a5400000)
  to   space 14848K, 0% used [0x00000007a9700000,0x00000007a9700000,0x00000007aa580000)
 ParOldGen       total 92672K, used 22126K [0x0000000740000000, 0x0000000745a80000, 0x0000000795580000)
  object space 92672K, 23% used [0x0000000740000000,0x000000074159ba90,0x0000000745a80000)
 Metaspace       used 41212K, capacity 41750K, committed 42240K, reserved 1085440K
  class space    used 5125K, capacity 5263K, committed 5376K, reserved 1048576K
}
Event: 68.252 GC heap before
{Heap before GC invocations=14 (full 2):
 PSYoungGen      total 260608K, used 257105K [0x0000000795580000, 0x00000007aa580000, 0x00000007c0000000)
  eden space 246272K, 100% used [0x0000000795580000,0x00000007a4600000,0x00000007a4600000)
  from space 14336K, 75% used [0x00000007a4600000,0x00000007a50945d0,0x00000007a5400000)
  to   space 14848K, 0% used [0x00000007a9700000,0x00000007a9700000,0x00000007aa580000)
 ParOldGen       total 92672K, used 22126K [0x0000000740000000, 0x0000000745a80000, 0x0000000795580000)
  object space 92672K, 23% used [0x0000000740000000,0x000000074159ba90,0x0000000745a80000)
 Metaspace       used 50725K, capacity 51332K, committed 51712K, reserved 1095680K
  class space    used 6098K, capacity 6274K, committed 6400K, reserved 1048576K
Event: 68.386 GC heap after
Heap after GC invocations=14 (full 2):
 PSYoungGen      total 315392K, used 14827K [0x0000000795580000, 0x00000007ab880000, 0x00000007c0000000)
  eden space 300544K, 0% used [0x0000000795580000,0x0000000795580000,0x00000007a7b00000)
  from space 14848K, 99% used [0x00000007a9700000,0x00000007aa57af70,0x00000007aa580000)
  to   space 28672K, 0% used [0x00000007a7b00000,0x00000007a7b00000,0x00000007a9700000)
 ParOldGen       total 92672K, used 53533K [0x0000000740000000, 0x0000000745a80000, 0x0000000795580000)
  object space 92672K, 57% used [0x0000000740000000,0x00000007434474c0,0x0000000745a80000)
 Metaspace       used 50725K, capacity 51332K, committed 51712K, reserved 1095680K
  class space    used 6098K, capacity 6274K, committed 6400K, reserved 1048576K
}

